ERROR - 2021-04-14 19:16:11 --> Error connecting to the database: Access denied for user '****'@'localhost' (using password: YES)
CRITICAL - 2021-04-14 19:16:11 --> Unable to connect to the database.
#0 C:\wamp64\www\PAC2\system\Database\BaseConnection.php(618): CodeIgniter\Database\BaseConnection->initialize()
#1 C:\wamp64\www\PAC2\app\Models\NoticiaModel.php(33): CodeIgniter\Database\BaseConnection->query('SELECT n.Id as ...')
#2 C:\wamp64\www\PAC2\app\Controllers\NoticiaController.php(19): App\Models\NoticiaModel->getNoticies()
#3 C:\wamp64\www\PAC2\system\CodeIgniter.php(936): App\Controllers\NoticiaController->index()
#4 C:\wamp64\www\PAC2\system\CodeIgniter.php(432): CodeIgniter\CodeIgniter->runController(Object(App\Controllers\NoticiaController))
#5 C:\wamp64\www\PAC2\system\CodeIgniter.php(333): CodeIgniter\CodeIgniter->handleRequest(NULL, Object(Config\Cache), false)
#6 C:\wamp64\www\PAC2\public\index.php(44): CodeIgniter\CodeIgniter->run()
#7 {main}
ERROR - 2021-04-14 19:42:59 --> Error connecting to the database: No se puede establecer una conexión ya que el equipo de destino denegó expresamente dicha conexión.

CRITICAL - 2021-04-14 19:42:59 --> Unable to connect to the database.
#0 C:\wamp64\www\PAC2\system\Database\BaseConnection.php(618): CodeIgniter\Database\BaseConnection->initialize()
#1 C:\wamp64\www\PAC2\app\Models\NoticiaModel.php(33): CodeIgniter\Database\BaseConnection->query('SELECT n.Id as ...')
#2 C:\wamp64\www\PAC2\app\Controllers\NoticiaController.php(19): App\Models\NoticiaModel->getNoticies()
#3 C:\wamp64\www\PAC2\system\CodeIgniter.php(936): App\Controllers\NoticiaController->index()
#4 C:\wamp64\www\PAC2\system\CodeIgniter.php(432): CodeIgniter\CodeIgniter->runController(Object(App\Controllers\NoticiaController))
#5 C:\wamp64\www\PAC2\system\CodeIgniter.php(333): CodeIgniter\CodeIgniter->handleRequest(NULL, Object(Config\Cache), false)
#6 C:\wamp64\www\PAC2\public\index.php(44): CodeIgniter\CodeIgniter->run()
#7 {main}
ERROR - 2021-04-14 19:53:32 --> Error connecting to the database: No se puede establecer una conexión ya que el equipo de destino denegó expresamente dicha conexión.

CRITICAL - 2021-04-14 19:53:32 --> Unable to connect to the database.
#0 C:\wamp64\www\PAC2\system\Database\BaseConnection.php(618): CodeIgniter\Database\BaseConnection->initialize()
#1 C:\wamp64\www\PAC2\app\Models\NoticiaModel.php(33): CodeIgniter\Database\BaseConnection->query('SELECT n.Id as ...')
#2 C:\wamp64\www\PAC2\app\Controllers\NoticiaController.php(19): App\Models\NoticiaModel->getNoticies()
#3 C:\wamp64\www\PAC2\system\CodeIgniter.php(936): App\Controllers\NoticiaController->index()
#4 C:\wamp64\www\PAC2\system\CodeIgniter.php(432): CodeIgniter\CodeIgniter->runController(Object(App\Controllers\NoticiaController))
#5 C:\wamp64\www\PAC2\system\CodeIgniter.php(333): CodeIgniter\CodeIgniter->handleRequest(NULL, Object(Config\Cache), false)
#6 C:\wamp64\www\PAC2\public\index.php(44): CodeIgniter\CodeIgniter->run()
#7 {main}
